error: In part (Piano I), measure (16): Cannot convert "2048th" duration to MusicXML (too short).
error: In part (Piano), measure (46): Cannot convert "2048th" duration to MusicXML (too short).
error: In part (Piano), measure (3): Cannot convert inexpressible durations to MusicXML.
error: In part (Piano II), measure (2): Instrument instance  for note <music21.note.Note F#> not found in instrumentStream
error: In part (Piano II), measure (6): Instrument instance  for note <music21.note.Note D> not found in instrumentStream
error: In part (Piano), measure (3): Cannot convert "2048th" duration to MusicXML (too short).
error: In part (Piano), measure (1): Cannot convert "2048th" duration to MusicXML (too short).
error: In part (Piano), measure (119): Cannot convert inexpressible durations to MusicXML.
error: In part (Piano), measure (87): Cannot convert "2048th" duration to MusicXML (too short).
error: In part (Piano), measure (1): Cannot convert "2048th" duration to MusicXML (too short).
error: In part (Piano), measure (2): Cannot convert inexpressible durations to MusicXML.
error: In part (Piano I), measure (1): Cannot convert "2048th" duration to MusicXML (too short).
error: In part (Piano), measure (1): Cannot convert "2048th" duration to MusicXML (too short).
error: In part (Piano), measure (1): Cannot convert "2048th" duration to MusicXML (too short).
error: In part (Piano), measure (12): Cannot convert inexpressible durations to MusicXML.
error: In part (Piano), measure (136): Instrument instance Crash Cymbals for note <music21.note.Unpitched 'Crash Cymbals'> not found in instrumentStream
error: In part (Piano I), measure (2): Cannot convert "2048th" duration to MusicXML (too short).
error: In part (Piano), measure (1): Cannot convert "2048th" duration to MusicXML (too short).
error: In part (Piano), measure (1): Cannot convert inexpressible durations to MusicXML.
error: In part (Piano), measure (62): Instrument instance Crash Cymbals for note <music21.note.Unpitched 'Crash Cymbals'> not found in instrumentStream
error: In part (Piano I), measure (1): Cannot convert "2048th" duration to MusicXML (too short).
error: In part (Piano I), measure (2): Cannot convert "2048th" duration to MusicXML (too short).
error: In part (Piano I), measure (1): Cannot convert "2048th" duration to MusicXML (too short).
error: In part (Piano), measure (1): Cannot convert "2048th" duration to MusicXML (too short).
error: In part (Piano I), measure (1): Cannot convert "2048th" duration to MusicXML (too short).
error: In part (Piano), measure (1): Cannot convert "2048th" duration to MusicXML (too short).
error: In part (Piano I), measure (15): Cannot convert "2048th" duration to MusicXML (too short).
error: In part (Piano I), measure (2): Cannot convert inexpressible durations to MusicXML.
error: In part (Piano I), measure (13): Cannot convert "2048th" duration to MusicXML (too short).
error: In part (Piano), measure (22): Cannot convert "2048th" duration to MusicXML (too short).
error: In part (Piano I), measure (1): Instrument instance  for note <music21.note.Note F#> not found in instrumentStream
error: In part (Piano), measure (1): Instrument instance Crash Cymbals for note <music21.note.Unpitched 'Crash Cymbals'> not found in instrumentStream
error: In part (Piano I), measure (2): Cannot convert inexpressible durations to MusicXML.
error: In part (Piano), measure (12): Cannot convert "2048th" duration to MusicXML (too short).
error: In part (Piano), measure (1): Cannot convert "2048th" duration to MusicXML (too short).
error: In part (Piano), measure (5): Cannot convert "2048th" duration to MusicXML (too short).
error: In part (Piano), measure (3): Cannot convert inexpressible durations to MusicXML.
error: In part (Piano), measure (55): Cannot convert inexpressible durations to MusicXML.
error: In part (Piano), measure (1): Instrument instance Crash Cymbals for note <music21.note.Unpitched 'Crash Cymbals'> not found in instrumentStream
error: In part (Piano), measure (12): Instrument instance Tom-Tom for note <music21.note.Unpitched 'Tom-Tom'> not found in instrumentStream
error: In part (Piano), measure (1): Cannot convert "2048th" duration to MusicXML (too short).
error: In part (Piano), measure (11): Cannot convert inexpressible durations to MusicXML.
error: In part (Piano), measure (1): Cannot convert "2048th" duration to MusicXML (too short).
error: In part (Piano), measure (1): Cannot convert "2048th" duration to MusicXML (too short).
error: In part (Piano), measure (8): Cannot convert inexpressible durations to MusicXML.
error: In part (Piano), measure (5): Cannot convert inexpressible durations to MusicXML.
error: In part (Piano), measure (3): Cannot convert "2048th" duration to MusicXML (too short).
error: In part (Piano), measure (2): Cannot convert inexpressible durations to MusicXML.
error: In part (Piano), measure (7): Cannot convert inexpressible durations to MusicXML.
error: In part (Piano I), measure (2): Cannot convert inexpressible durations to MusicXML.
error: In part (Piano I), measure (2): Cannot convert inexpressible durations to MusicXML.
error: In part (Piano), measure (22): Cannot convert "2048th" duration to MusicXML (too short).
error: In part (Piano I), measure (10): Cannot convert "2048th" duration to MusicXML (too short).
error: In part (Piano), measure (1): Cannot convert "2048th" duration to MusicXML (too short).
error: In part (Piano), measure (2): Cannot convert inexpressible durations to MusicXML.
error: In part (Piano), measure (3): Cannot convert inexpressible durations to MusicXML.
error: In part (Piano), measure (3): Instrument instance  for note <music21.note.Note C> not found in instrumentStream
error: In part (Piano), measure (1): Cannot convert "2048th" duration to MusicXML (too short).
error: In part (Piano), measure (55): Cannot convert "2048th" duration to MusicXML (too short).
error: In part (Piano), measure (26): Cannot convert inexpressible durations to MusicXML.
error: In part (Piano), measure (78): Instrument instance  for note <music21.note.Note B-> not found in instrumentStream
error: In part (Piano), measure (10): Cannot convert "2048th" duration to MusicXML (too short).
error: In part (Piano), measure (77): Cannot convert "2048th" duration to MusicXML (too short).
error: In part (Piano), measure (4): Cannot convert "2048th" duration to MusicXML (too short).
error: In part (Piano), measure (4): Cannot convert "2048th" duration to MusicXML (too short).
error: In part (Piano), measure (416): Cannot convert "2048th" duration to MusicXML (too short).
error: In part (Piano), measure (2): Cannot convert "2048th" duration to MusicXML (too short).
error: In part (Piano), measure (16): Cannot convert inexpressible durations to MusicXML.
error: In part (Piano), measure (34): Instrument instance Tom-Tom for note <music21.note.Unpitched 'Tom-Tom'> not found in instrumentStream
error: In part (Piano), measure (502): Cannot convert inexpressible durations to MusicXML.
error: In part (Piano), measure (74): Cannot convert "2048th" duration to MusicXML (too short).
error: In part (Piano), measure (2): Cannot convert inexpressible durations to MusicXML.
error: In part (Piano), measure (417): Cannot convert "2048th" duration to MusicXML (too short).
error: In part (Piano), measure (25): Cannot convert "2048th" duration to MusicXML (too short).
error: In part (Piano), measure (2): Cannot convert inexpressible durations to MusicXML.
error: In part (Piano), measure (104): Cannot convert inexpressible durations to MusicXML.
error: In part (Piano), measure (2): Cannot convert inexpressible durations to MusicXML.
error: In part (Piano I), measure (25): Cannot convert "2048th" duration to MusicXML (too short).
error: In part (Piano), measure (3): Cannot convert inexpressible durations to MusicXML.
error: In part (Piano), measure (9): Cannot convert inexpressible durations to MusicXML.
error: In part (Piano), measure (14): Instrument instance  for note <music21.note.Note C> not found in instrumentStream
error: In part (Piano), measure (41): Cannot convert inexpressible durations to MusicXML.
error: In part (Piano), measure (2): Cannot convert inexpressible durations to MusicXML.
error: In part (Piano), measure (2): Cannot convert inexpressible durations to MusicXML.
error: In part (Piano I), measure (6): Cannot convert "2048th" duration to MusicXML (too short).
error: In part (Piano), measure (2): Cannot convert inexpressible durations to MusicXML.
error: In part (Piano), measure (10): Cannot convert inexpressible durations to MusicXML.
error: In part (Piano), measure (2): Cannot convert inexpressible durations to MusicXML.
error: In part (Piano), measure (241): Cannot convert "2048th" duration to MusicXML (too short).
error: In part (Piano), measure (2): Cannot convert "2048th" duration to MusicXML (too short).
error: In part (Piano), measure (1): Cannot convert "2048th" duration to MusicXML (too short).
error: In part (Piano), measure (2): Instrument instance  for note <music21.note.Note F#> not found in instrumentStream
error: In part (Piano), measure (11): Cannot convert inexpressible durations to MusicXML.
error: In part (Piano), measure (450): Cannot convert "2048th" duration to MusicXML (too short).
error: In part (Piano), measure (1): Cannot convert inexpressible durations to MusicXML.
error: In part (Piano), measure (21): Cannot convert inexpressible durations to MusicXML.
error: In part (Piano), measure (2): Cannot convert inexpressible durations to MusicXML.
error: In part (Piano), measure (4): Cannot convert inexpressible durations to MusicXML.
error: In part (Piano), measure (26): Cannot convert inexpressible durations to MusicXML.
error: In part (Piano), measure (43): Cannot convert inexpressible durations to MusicXML.
error: In part (Piano), measure (26): Cannot convert inexpressible durations to MusicXML.
error: In part (Piano), measure (46): Cannot convert inexpressible durations to MusicXML.
error: In part (Piano), measure (61): Cannot convert "2048th" duration to MusicXML (too short).
error: In part (Piano), measure (31): Cannot convert "2048th" duration to MusicXML (too short).
error: In part (Piano), measure (100): Cannot convert inexpressible durations to MusicXML.
error: In part (Piano), measure (328): Cannot convert "2048th" duration to MusicXML (too short).
error: In part (Piano), measure (11): Cannot convert "2048th" duration to MusicXML (too short).
error: In part (Piano), measure (95): Cannot convert inexpressible durations to MusicXML.
error: In part (Piano), measure (263): Cannot convert inexpressible durations to MusicXML.
error: In part (Piano I), measure (7): Cannot convert "2048th" duration to MusicXML (too short).
error: In part (Piano), measure (151): Cannot convert "2048th" duration to MusicXML (too short).
error: In part (Piano), measure (69): Cannot convert inexpressible durations to MusicXML.
error: In part (Piano I), measure (29): Cannot convert inexpressible durations to MusicXML.
error: In part (Piano), measure (24): Cannot convert "2048th" duration to MusicXML (too short).
error: In part (Piano I), measure (2): Cannot convert "2048th" duration to MusicXML (too short).
error: In part (Piano), measure (11): Cannot convert inexpressible durations to MusicXML.
error: In part (Piano), measure (6): Cannot convert "2048th" duration to MusicXML (too short).
error: In part (Piano), measure (9): Cannot convert inexpressible durations to MusicXML.
error: In part (Piano), measure (842): Cannot convert inexpressible durations to MusicXML.
error: In part (Piano), measure (29): Cannot convert "2048th" duration to MusicXML (too short).
error: In part (Piano), measure (86): Cannot convert "2048th" duration to MusicXML (too short).
error: In part (Piano), measure (281): Cannot convert inexpressible durations to MusicXML.
error: In part (Piano), measure (30): Cannot convert inexpressible durations to MusicXML.
error: In part (Piano), measure (2): Cannot convert inexpressible durations to MusicXML.
error: In part (Piano), measure (18): Cannot convert inexpressible durations to MusicXML.
error: In part (Piano I), measure (9): Cannot convert inexpressible durations to MusicXML.
error: In part (Piano), measure (4): Cannot convert inexpressible durations to MusicXML.
error: In part (Piano), measure (4): Cannot convert "2048th" duration to MusicXML (too short).
error: In part (Piano), measure (18): Cannot convert inexpressible durations to MusicXML.
error: In part (Piano), measure (18): Cannot convert "2048th" duration to MusicXML (too short).
error: In part (Piano I), measure (3): Cannot convert "2048th" duration to MusicXML (too short).
error: In part (Piano), measure (1): Cannot convert inexpressible durations to MusicXML.
error: In part (Piano), measure (9): Cannot convert "2048th" duration to MusicXML (too short).
error: In part (Piano I), measure (2): Cannot convert "2048th" duration to MusicXML (too short).
error: In part (Piano I), measure (2): Cannot convert "2048th" duration to MusicXML (too short).
error: In part (Piano), measure (11): Cannot convert "2048th" duration to MusicXML (too short).
error: In part (Piano), measure (15): Cannot convert inexpressible durations to MusicXML.
error: In part (Piano), measure (67): Cannot convert "2048th" duration to MusicXML (too short).
error: In part (Piano), measure (14): Cannot convert inexpressible durations to MusicXML.
error: In part (Piano), measure (4): Cannot convert "2048th" duration to MusicXML (too short).
error: In part (Piano), measure (28): Cannot convert "2048th" duration to MusicXML (too short).
error: In part (Piano), measure (1): Cannot convert inexpressible durations to MusicXML.
error: In part (Piano), measure (1): Cannot convert inexpressible durations to MusicXML.
error: In part (Piano), measure (16): Cannot convert inexpressible durations to MusicXML.
FAIL: error: In part (Piano), measure (1): Cannot convert "2048th" duration to MusicXML (too short).
FAIL: error: In part (Piano I), measure (2): Cannot convert inexpressible durations to MusicXML.
FAIL: error: In part (Piano), measure (12): Instrument instance Tom-Tom for note <music21.note.Unpitched 'Tom-Tom'> not found in instrumentStream
FAIL: error: In part (Piano), measure (3): Cannot convert "2048th" duration to MusicXML (too short).
FAIL: error: In part (Piano), measure (119): Cannot convert inexpressible durations to MusicXML.
FAIL: error: In part (Piano II), measure (2): Instrument instance  for note <music21.note.Note F#> not found in instrumentStream
FAIL: error: In part (Piano II), measure (6): Instrument instance  for note <music21.note.Note D> not found in instrumentStream
FAIL: error: In part (Piano), measure (46): Cannot convert "2048th" duration to MusicXML (too short).
FAIL: error: In part (Piano I), measure (16): Cannot convert "2048th" duration to MusicXML (too short).
FAIL: error: In part (Piano), measure (3): Cannot convert inexpressible durations to MusicXML.
FAIL: error: In part (Piano), measure (2): Cannot convert inexpressible durations to MusicXML.
FAIL: error: In part (Piano), measure (87): Cannot convert "2048th" duration to MusicXML (too short).
FAIL: error: In part (Piano), measure (136): Instrument instance Crash Cymbals for note <music21.note.Unpitched 'Crash Cymbals'> not found in instrumentStream
FAIL: error: In part (Piano), measure (1): Instrument instance Crash Cymbals for note <music21.note.Unpitched 'Crash Cymbals'> not found in instrumentStream
FAIL: error: In part (Piano), measure (62): Instrument instance Crash Cymbals for note <music21.note.Unpitched 'Crash Cymbals'> not found in instrumentStream
FAIL: error: In part (Piano), measure (1): Instrument instance Crash Cymbals for note <music21.note.Unpitched 'Crash Cymbals'> not found in instrumentStream
FAIL: error: In part (Piano), measure (1): Cannot convert "2048th" duration to MusicXML (too short).
FAIL: error: In part (Piano I), measure (2): Cannot convert "2048th" duration to MusicXML (too short).
FAIL: error: In part (Piano I), measure (1): Cannot convert "2048th" duration to MusicXML (too short).
FAIL: error: In part (Piano I), measure (2): Cannot convert inexpressible durations to MusicXML.
FAIL: error: In part (Piano), measure (12): Cannot convert inexpressible durations to MusicXML.
FAIL: error: In part (Piano), measure (1): Cannot convert "2048th" duration to MusicXML (too short).
FAIL: error: In part (Piano), measure (1): Cannot convert "2048th" duration to MusicXML (too short).
FAIL: error: In part (Piano I), measure (1): Cannot convert "2048th" duration to MusicXML (too short).
FAIL: error: In part (Piano I), measure (2): Cannot convert "2048th" duration to MusicXML (too short).
FAIL: error: In part (Piano), measure (1): Cannot convert "2048th" duration to MusicXML (too short).
FAIL: error: In part (Piano), measure (1): Cannot convert "2048th" duration to MusicXML (too short).
FAIL: error: In part (Piano), measure (1): Cannot convert "2048th" duration to MusicXML (too short).
FAIL: error: In part (Piano), measure (1): Cannot convert "2048th" duration to MusicXML (too short).
FAIL: error: In part (Piano), measure (22): Cannot convert "2048th" duration to MusicXML (too short).
FAIL: error: In part (Piano I), measure (1): Cannot convert "2048th" duration to MusicXML (too short).
FAIL: error: In part (Piano I), measure (1): Cannot convert "2048th" duration to MusicXML (too short).
FAIL: error: In part (Piano I), measure (15): Cannot convert "2048th" duration to MusicXML (too short).
FAIL: error: In part (Piano I), measure (13): Cannot convert "2048th" duration to MusicXML (too short).
FAIL: error: In part (Piano I), measure (1): Instrument instance  for note <music21.note.Note F#> not found in instrumentStream
FAIL: error: In part (Piano), measure (12): Cannot convert "2048th" duration to MusicXML (too short).
FAIL: error: In part (Piano), measure (55): Cannot convert inexpressible durations to MusicXML.
FAIL: error: In part (Piano), measure (3): Cannot convert inexpressible durations to MusicXML.
FAIL: error: In part (Piano), measure (5): Cannot convert "2048th" duration to MusicXML (too short).
FAIL: error: In part (Piano), measure (1): Cannot convert "2048th" duration to MusicXML (too short).
